{
  "RSpec": {
    "coverage": {
      "/Users/kannan/kannan/projects/leaderboard/spec/models/board_spec.rb": [
        1,
        null,
        1,
        1,
        3,
        2,
        2,
        null,
        null,
        1,
        1,
        1,
        1,
        null,
        1,
        null,
        1,
        null,
        null,
        1,
        1,
        1,
        null,
        1,
        null,
        1,
        null,
        null,
        null,
        1,
        1,
        1,
        null,
        1,
        1,
        null,
        null,
        null,
        1,
        1,
        1,
        null,
        1,
        1,
        null,
        null,
        null,
        1,
        1,
        1,
        null,
        1,
        1,
        1,
        1,
        null,
        1,
        1,
        1,
        1,
        1,
        null,
        1,
        1,
        null,
        1,
        1,
        null,
        null,
        null,
        1,
        3,
        3,
        3,
        3,
        3,
        3,
        3,
        3,
        3,
        null,
        null
      ],
      "/Users/kannan/kannan/projects/leaderboard/spec/rails_helper.rb": [
        1,
        1,
        1,
        1,
        1,
        1,
        null,
        2,
        null,
        null,
        1,
        null,
        0,
        0,
        null,
        null,
        1,
        1,
        1,
        1,
        null,
        null,
        null,
        1,
        1,
        1,
        1,
        1,
        1,
        null
      ],
      "/Users/kannan/kannan/projects/leaderboard/config/environment.rb": [
        null,
        1,
        null,
        null,
        1
      ],
      "/Users/kannan/kannan/projects/leaderboard/config/application.rb": [
        1,
        null,
        1,
        null,
        null,
        null,
        1,
        null,
        1,
        1,
        null,
        1,
        null,
        null,
        null,
        null,
        null,
        null,
        null
      ],
      "/Users/kannan/kannan/projects/leaderboard/config/boot.rb": [
        1,
        null,
        1,
        1
      ],
      "/Users/kannan/kannan/projects/leaderboard/config/environments/test.rb": [
        1,
        null,
        null,
        null,
        null,
        null,
        null,
        1,
        null,
        null,
        null,
        null,
        1,
        null,
        null,
        1,
        1,
        null,
        null,
        null,
        null,
        1,
        1,
        null,
        null,
        1,
        null,
        null,
        1,
        null,
        null,
        1,
        null,
        1,
        null,
        null,
        null,
        null,
        1,
        null,
        null,
        1,
        null,
        null,
        null,
        null
      ],
      "/Users/kannan/kannan/projects/leaderboard/config/initializers/application_controller_renderer.rb": [
        null,
        null,
        null,
        null,
        null,
        null,
        null,
        null
      ],
      "/Users/kannan/kannan/projects/leaderboard/config/initializers/assets.rb": [
        null,
        null,
        null,
        1,
        null,
        null,
        null,
        null,
        1,
        null,
        null,
        null,
        null,
        null
      ],
      "/Users/kannan/kannan/projects/leaderboard/config/initializers/backtrace_silencers.rb": [
        null,
        null,
        null,
        null,
        null,
        null,
        null
      ],
      "/Users/kannan/kannan/projects/leaderboard/config/initializers/content_security_policy.rb": [
        null,
        null,
        null,
        null,
        null,
        null,
        null,
        null,
        null,
        null,
        null,
        null,
        null,
        null,
        null,
        null,
        null,
        null,
        null,
        null,
        null,
        null,
        null,
        null,
        null
      ],
      "/Users/kannan/kannan/projects/leaderboard/config/initializers/cookies_serializer.rb": [
        null,
        null,
        null,
        null,
        1
      ],
      "/Users/kannan/kannan/projects/leaderboard/config/initializers/filter_parameter_logging.rb": [
        null,
        null,
        null,
        1
      ],
      "/Users/kannan/kannan/projects/leaderboard/config/initializers/inflections.rb": [
        null,
        null,
        null,
        null,
        null,
        null,
        null,
        null,
        null,
        null,
        null,
        null,
        null,
        null,
        null,
        null
      ],
      "/Users/kannan/kannan/projects/leaderboard/config/initializers/mime_types.rb": [
        null,
        null,
        null,
        null
      ],
      "/Users/kannan/kannan/projects/leaderboard/config/initializers/wrap_parameters.rb": [
        null,
        null,
        null,
        null,
        null,
        null,
        1,
        2,
        null,
        null,
        null,
        null,
        null,
        null
      ],
      "/Users/kannan/kannan/projects/leaderboard/spec/factories.rb": [
        1,
        1,
        1,
        1,
        null,
        null,
        1,
        1,
        1,
        null,
        null
      ],
      "/Users/kannan/kannan/projects/leaderboard/app/models/user.rb": [
        1,
        1,
        1,
        null,
        1,
        null,
        1,
        9,
        null,
        null
      ],
      "/Users/kannan/kannan/projects/leaderboard/app/models/application_record.rb": [
        1,
        1,
        null
      ],
      "/Users/kannan/kannan/projects/leaderboard/config/routes.rb": [
        1,
        1,
        null,
        1,
        null
      ],
      "/Users/kannan/kannan/projects/leaderboard/app/helpers/application_helper.rb": [
        1,
        null
      ],
      "/Users/kannan/kannan/projects/leaderboard/app/helpers/home_helper.rb": [
        1,
        null
      ],
      "/Users/kannan/kannan/projects/leaderboard/spec/support/database_cleaner.rb": [
        1,
        1,
        1,
        null,
        null,
        1,
        16,
        null,
        null,
        1,
        0,
        null,
        null,
        1,
        16,
        null,
        null,
        1,
        16,
        null,
        null
      ],
      "/Users/kannan/kannan/projects/leaderboard/app/models/board.rb": [
        1,
        1,
        null,
        1,
        11,
        11,
        null,
        11,
        11,
        1400,
        null,
        11,
        11,
        null,
        null,
        1,
        403,
        403,
        2,
        null,
        null,
        null,
        1,
        802,
        802,
        null,
        null,
        1,
        8,
        8,
        800,
        12,
        12,
        null,
        16,
        null,
        null
      ],
      "/Users/kannan/kannan/projects/leaderboard/spec/models/user_spec.rb": [
        1,
        null,
        1,
        1,
        3,
        2,
        2,
        null,
        null,
        1,
        1,
        1,
        1,
        null,
        null,
        null
      ],
      "/Users/kannan/kannan/projects/leaderboard/spec/requests/board_spec.rb": [
        1,
        null,
        null,
        1,
        7,
        7,
        null,
        1,
        5,
        null,
        1,
        1,
        null,
        null,
        1,
        1,
        null,
        null,
        1,
        1,
        null,
        null,
        1,
        1,
        null,
        null,
        null,
        1,
        1,
        1,
        null,
        1,
        1,
        1,
        1,
        1,
        null,
        null,
        1,
        1,
        null,
        1,
        null,
        null,
        null
      ],
      "/Users/kannan/kannan/projects/leaderboard/app/controllers/board_controller.rb": [
        1,
        1,
        1,
        null,
        1,
        null,
        1,
        2,
        2,
        1,
        1,
        1,
        1,
        1,
        1,
        1,
        1,
        null,
        1,
        null,
        null,
        null,
        1,
        6,
        null,
        null,
        1,
        6,
        null,
        null,
        1,
        6,
        6,
        null,
        null
      ],
      "/Users/kannan/kannan/projects/leaderboard/app/controllers/application_controller.rb": [
        1,
        null
      ]
    },
    "timestamp": 1548337538
  }
}
